<?xml version="1.0" encoding="UTF-8"?>
<!-- Generated by org.testng.reporters.JUnitReportReporter -->
<testsuite hostname="DESKTOP-IPJ5ICI" failures="0" tests="1" name="seltestng.Redirecturl" time="42.415" errors="0" timestamp="2024-05-04T17:37:15 IST" skipped="0">
  <testcase classname="seltestng.Redirecturl" name="dirurl" time="42.415"/>
</testsuite> <!-- seltestng.Redirecturl -->
