<?xml version="1.0" encoding="UTF-8"?>
<!-- Generated by org.testng.reporters.JUnitReportReporter -->
<testsuite hostname="DESKTOP-IPJ5ICI" failures="0" tests="1" name="seltestng.Copylinkorg" time="30.608" errors="0" timestamp="2024-05-04T15:48:02 IST" skipped="0">
  <testcase classname="seltestng.Copylinkorg" name="linkopen" time="30.608"/>
</testsuite> <!-- seltestng.Copylinkorg -->
