<?xml version="1.0" encoding="UTF-8"?>
<!-- Generated by org.testng.reporters.JUnitReportReporter -->
<testsuite hostname="DESKTOP-IPJ5ICI" failures="0" tests="1" name="seltestng.Historysign" time="28.870" errors="0" timestamp="2024-04-29T16:49:52 IST" skipped="0">
  <testcase classname="seltestng.Historysign" name="histry" time="28.870"/>
</testsuite> <!-- seltestng.Historysign -->
