<?xml version="1.0" encoding="UTF-8"?>
<!-- Generated by org.testng.reporters.JUnitReportReporter -->
<testsuite hostname="DESKTOP-IPJ5ICI" failures="0" tests="1" name="seltestng.Qtinvc" time="18.735" errors="0" timestamp="2024-04-18T11:28:49 IST" skipped="0">
  <testcase classname="seltestng.Qtinvc" name="viewinvce" time="18.735"/>
</testsuite> <!-- seltestng.Qtinvc -->
