<?xml version="1.0" encoding="UTF-8"?>
<!-- Generated by org.testng.reporters.JUnitReportReporter -->
<testsuite hostname="DESKTOP-IPJ5ICI" failures="0" tests="1" name="seltestng.Settingsign" time="31.046" errors="0" timestamp="2024-05-29T11:22:50 IST" skipped="0">
  <testcase classname="seltestng.Settingsign" name="Setmfa" time="31.046"/>
</testsuite> <!-- seltestng.Settingsign -->
