<?xml version="1.0" encoding="UTF-8"?>
<!-- Generated by org.testng.reporters.JUnitReportReporter -->
<testsuite hostname="DESKTOP-IPJ5ICI" failures="0" tests="1" name="seltestng.Qountestng" time="4.088" errors="0" timestamp="2024-04-04T18:28:58 IST" skipped="0">
  <testcase classname="seltestng.Qountestng" name="qountng" time="4.088"/>
</testsuite> <!-- seltestng.Qountestng -->
