<?xml version="1.0" encoding="UTF-8"?>
<!-- Generated by org.testng.reporters.JUnitReportReporter -->
<testsuite hostname="DESKTOP-IPJ5ICI" failures="0" tests="1" name="seltestng.Orgdashboard" time="37.241" errors="0" timestamp="2024-05-04T19:37:08 IST" skipped="0">
  <testcase classname="seltestng.Orgdashboard" name="dashorg" time="37.241"/>
</testsuite> <!-- seltestng.Orgdashboard -->
