<?xml version="1.0" encoding="UTF-8"?>
<!-- Generated by org.testng.reporters.JUnitReportReporter -->
<testsuite hostname="DESKTOP-IPJ5ICI" failures="0" tests="1" name="seltestng.Moduletest" time="138.038" errors="0" timestamp="2024-06-21T11:47:29 IST" skipped="0">
  <testcase classname="seltestng.Moduletest" name="verifyESign" time="138.038"/>
</testsuite> <!-- seltestng.Moduletest -->
