<?xml version="1.0" encoding="UTF-8"?>
<!-- Generated by org.testng.reporters.JUnitReportReporter -->
<testsuite hostname="DESKTOP-IPJ5ICI" failures="0" tests="1" name="seltestng.urlTest" time="3.194" errors="0" timestamp="2024-03-31T14:27:15 IST" skipped="0">
  <testcase classname="seltestng.urlTest" name="f" time="3.194"/>
</testsuite> <!-- seltestng.urlTest -->
