<?xml version="1.0" encoding="UTF-8"?>
<!-- Generated by org.testng.reporters.JUnitReportReporter -->
<testsuite hostname="DESKTOP-IPJ5ICI" failures="0" tests="1" name="selpackproj.Projselprac" time="10.394" errors="0" timestamp="2024-04-03T20:02:12 IST" skipped="0">
  <testcase classname="selpackproj.Projselprac" name="verifyclick" time="10.394"/>
</testsuite> <!-- selpackproj.Projselprac -->
