<?xml version="1.0" encoding="UTF-8"?>
<!-- Generated by org.testng.reporters.JUnitReportReporter -->
<testsuite hostname="DESKTOP-IPJ5ICI" failures="0" tests="1" name="seltestng.Practestng" time="2.591" errors="0" timestamp="2024-03-31T14:20:36 IST" skipped="0">
  <testcase classname="seltestng.Practestng" name="autoprac" time="2.591"/>
</testsuite> <!-- seltestng.Practestng -->
