<?xml version="1.0" encoding="UTF-8"?>
<!-- Generated by org.testng.reporters.JUnitReportReporter -->
<testsuite hostname="DESKTOP-IPJ5ICI" failures="0" tests="1" name="seltestng.Duporg" time="31.928" errors="0" timestamp="2024-05-04T15:31:14 IST" skipped="0">
  <testcase classname="seltestng.Duporg" name="orgdup" time="31.928"/>
</testsuite> <!-- seltestng.Duporg -->
