<?xml version="1.0" encoding="UTF-8"?>
<!-- Generated by org.testng.reporters.JUnitReportReporter -->
<testsuite hostname="DESKTOP-IPJ5ICI" failures="0" tests="1" name="seltestng.Qt3dots" time="46.319" errors="0" timestamp="2024-04-29T16:04:49 IST" skipped="0">
  <testcase classname="seltestng.Qt3dots" name="ESign3dots" time="46.319"/>
</testsuite> <!-- seltestng.Qt3dots -->
