<?xml version="1.0" encoding="UTF-8"?>
<!-- Generated by org.testng.reporters.JUnitReportReporter -->
<testsuite hostname="DESKTOP-IPJ5ICI" failures="0" tests="1" name="seltestng.Orgcases" time="75.146" errors="0" timestamp="2024-05-05T16:06:58 IST" skipped="0">
  <testcase classname="seltestng.Orgcases" name="orgzer" time="75.146"/>
</testsuite> <!-- seltestng.Orgcases -->
