<?xml version="1.0" encoding="UTF-8"?>
<!-- Generated by org.testng.reporters.JUnitReportReporter -->
<testsuite hostname="DESKTOP-IPJ5ICI" failures="0" tests="1" name="seltestng.Qlogin" time="8.080" errors="0" timestamp="2024-04-17T11:43:37 IST" skipped="0">
  <testcase classname="seltestng.Qlogin" name="logqnt" time="8.080"/>
</testsuite> <!-- seltestng.Qlogin -->
