<?xml version="1.0" encoding="UTF-8"?>
<!-- Generated by org.testng.reporters.JUnitReportReporter -->
<testsuite hostname="DESKTOP-IPJ5ICI" failures="0" tests="1" name="seltestng.Esignseclink" time="25.170" errors="0" timestamp="2024-04-18T10:42:25 IST" skipped="0">
  <testcase classname="seltestng.Esignseclink" name="securesign" time="25.170"/>
</testsuite> <!-- seltestng.Esignseclink -->
