<?xml version="1.0" encoding="UTF-8"?>
<!-- Generated by org.testng.reporters.JUnitReportReporter -->
<testsuite hostname="DESKTOP-IPJ5ICI" failures="0" tests="1" name="seltestng.Esignlists" time="47.984" errors="0" timestamp="2024-04-29T15:50:22 IST" skipped="0">
  <testcase classname="seltestng.Esignlists" name="listatus" time="47.984"/>
</testsuite> <!-- seltestng.Esignlists -->
