<?xml version="1.0" encoding="UTF-8"?>
<!-- Generated by org.testng.reporters.JUnitReportReporter -->
<testsuite hostname="DESKTOP-IPJ5ICI" failures="0" tests="1" name="seltestng.Manageorg" time="87.731" errors="0" timestamp="2024-05-04T12:29:11 IST" skipped="0">
  <testcase classname="seltestng.Manageorg" name="Organizer" time="87.731"/>
</testsuite> <!-- seltestng.Manageorg -->
